  pch.cpp
  Command.cpp
E:\C++Leraning\gitRemoteCtrl\Remote-control\RemoteCtrl\RemoteCtrl\CPacket.h(42,21): warning C4018: “<”: 有符号/无符号不匹配
E:\C++Leraning\gitRemoteCtrl\Remote-control\RemoteCtrl\RemoteCtrl\CPacket.h(135,10): warning C4305: “初始化”: 从“int”到“bool”截断
E:\C++Leraning\gitRemoteCtrl\Remote-control\RemoteCtrl\RemoteCtrl\Command.h(14,30): warning C4081: 应输入“newline”；找到“;”
E:\C++Leraning\gitRemoteCtrl\Remote-control\RemoteCtrl\RemoteCtrl\Command.h(67,57): warning C4244: “=”: 从“double”转换到“LONG”，可能丢失数据
  LockDialog.cpp
  MyTool.cpp
  RemoteCtrl.cpp
E:\C++Leraning\gitRemoteCtrl\Remote-control\RemoteCtrl\RemoteCtrl\CPacket.h(42,21): warning C4018: “<”: 有符号/无符号不匹配
E:\C++Leraning\gitRemoteCtrl\Remote-control\RemoteCtrl\RemoteCtrl\CPacket.h(135,10): warning C4305: “初始化”: 从“int”到“bool”截断
E:\C++Leraning\gitRemoteCtrl\Remote-control\RemoteCtrl\RemoteCtrl\Command.h(14,30): warning C4081: 应输入“newline”；找到“;”
E:\C++Leraning\gitRemoteCtrl\Remote-control\RemoteCtrl\RemoteCtrl\Command.h(67,57): warning C4244: “=”: 从“double”转换到“LONG”，可能丢失数据
  ServerSocket.cpp
E:\C++Leraning\gitRemoteCtrl\Remote-control\RemoteCtrl\RemoteCtrl\CPacket.h(42,21): warning C4018: “<”: 有符号/无符号不匹配
E:\C++Leraning\gitRemoteCtrl\Remote-control\RemoteCtrl\RemoteCtrl\CPacket.h(135,10): warning C4305: “初始化”: 从“int”到“bool”截断
  正在生成代码
  Previous IPDB not found, fall back to full compilation.
  All 481 functions were compiled because no usable IPDB/IOBJ from previous compilation was found.
  已完成代码的生成
  RemoteCtrl.vcxproj -> E:\C++Leraning\gitRemoteCtrl\Remote-control\RemoteCtrl\Release\RemoteCtrl.exe
