e:\c++leraning\gitremotectrl\remote-control\remotectrl\remotectrl\release\remotectrl.pch
e:\c++leraning\gitremotectrl\remote-control\remotectrl\remotectrl\release\vc142.pdb
e:\c++leraning\gitremotectrl\remote-control\remotectrl\remotectrl\release\pch.obj
e:\c++leraning\gitremotectrl\remote-control\remotectrl\remotectrl\release\serversocket.obj
e:\c++leraning\gitremotectrl\remote-control\remotectrl\remotectrl\release\remotectrl.obj
e:\c++leraning\gitremotectrl\remote-control\remotectrl\remotectrl\release\lockdialog.obj
e:\c++leraning\gitremotectrl\remote-control\remotectrl\release\remotectrl.exe
e:\c++leraning\gitremotectrl\remote-control\remotectrl\remotectrl\release\remotectrl.ipdb
e:\c++leraning\gitremotectrl\remote-control\remotectrl\remotectrl\release\remotectrl.iobj
e:\c++leraning\gitremotectrl\remote-control\remotectrl\release\remotectrl.pdb
e:\c++leraning\gitremotectrl\remote-control\remotectrl\remotectrl\release\remotectrl.res
e:\c++leraning\gitremotectrl\remote-control\remotectrl\remotectrl\release\remotectrl.tlog\cl.command.1.tlog
e:\c++leraning\gitremotectrl\remote-control\remotectrl\remotectrl\release\remotectrl.tlog\cl.read.1.tlog
e:\c++leraning\gitremotectrl\remote-control\remotectrl\remotectrl\release\remotectrl.tlog\cl.write.1.tlog
e:\c++leraning\gitremotectrl\remote-control\remotectrl\remotectrl\release\remotectrl.tlog\link.command.1.tlog
e:\c++leraning\gitremotectrl\remote-control\remotectrl\remotectrl\release\remotectrl.tlog\link.read.1.tlog
e:\c++leraning\gitremotectrl\remote-control\remotectrl\remotectrl\release\remotectrl.tlog\link.write.1.tlog
e:\c++leraning\gitremotectrl\remote-control\remotectrl\remotectrl\release\remotectrl.tlog\rc.command.1.tlog
e:\c++leraning\gitremotectrl\remote-control\remotectrl\remotectrl\release\remotectrl.tlog\rc.read.1.tlog
e:\c++leraning\gitremotectrl\remote-control\remotectrl\remotectrl\release\remotectrl.tlog\rc.write.1.tlog
