e:\c++leraning\gitremotectrl\remote-control\remotectrl\remoteclient\release\remoteclient.pch
e:\c++leraning\gitremotectrl\remote-control\remotectrl\remoteclient\release\vc142.pdb
e:\c++leraning\gitremotectrl\remote-control\remotectrl\remoteclient\release\pch.obj
e:\c++leraning\gitremotectrl\remote-control\remotectrl\remoteclient\release\watchdialog.obj
e:\c++leraning\gitremotectrl\remote-control\remotectrl\remoteclient\release\statusdlg.obj
e:\c++leraning\gitremotectrl\remote-control\remotectrl\remoteclient\release\remoteclientdlg.obj
e:\c++leraning\gitremotectrl\remote-control\remotectrl\remoteclient\release\remoteclient.obj
e:\c++leraning\gitremotectrl\remote-control\remotectrl\remoteclient\release\clientsocket.obj
e:\c++leraning\gitremotectrl\remote-control\remotectrl\release\remoteclient.exe
e:\c++leraning\gitremotectrl\remote-control\remotectrl\remoteclient\release\remoteclient.iobj
e:\c++leraning\gitremotectrl\remote-control\remotectrl\release\remoteclient.pdb
e:\c++leraning\gitremotectrl\remote-control\remotectrl\remoteclient\release\remoteclient.res
e:\c++leraning\gitremotectrl\remote-control\remotectrl\remoteclient\release\remoteclient.ipdb
e:\c++leraning\gitremotectrl\remote-control\remotectrl\remoteclient\release\remoteclient.tlog\cl.command.1.tlog
e:\c++leraning\gitremotectrl\remote-control\remotectrl\remoteclient\release\remoteclient.tlog\cl.read.1.tlog
e:\c++leraning\gitremotectrl\remote-control\remotectrl\remoteclient\release\remoteclient.tlog\cl.write.1.tlog
e:\c++leraning\gitremotectrl\remote-control\remotectrl\remoteclient\release\remoteclient.tlog\link.command.1.tlog
e:\c++leraning\gitremotectrl\remote-control\remotectrl\remoteclient\release\remoteclient.tlog\link.read.1.tlog
e:\c++leraning\gitremotectrl\remote-control\remotectrl\remoteclient\release\remoteclient.tlog\link.write.1.tlog
e:\c++leraning\gitremotectrl\remote-control\remotectrl\remoteclient\release\remoteclient.tlog\rc.command.1.tlog
e:\c++leraning\gitremotectrl\remote-control\remotectrl\remoteclient\release\remoteclient.tlog\rc.read.1.tlog
e:\c++leraning\gitremotectrl\remote-control\remotectrl\remoteclient\release\remoteclient.tlog\rc.write.1.tlog
